<?xml version="1.0" encoding="UTF-8"?>
<testng-results skipped="0" failed="0" ignored="0" total="0" passed="0">
  <reporter-output>
  </reporter-output>
  <suite name="com.second.maven.Vam.AppTest" duration-ms="12" started-at="2018-07-17T18:14:38Z" finished-at="2018-07-17T18:14:38Z">
    <groups>
    </groups>
    <test name="Command line test" duration-ms="12" started-at="2018-07-17T18:14:38Z" finished-at="2018-07-17T18:14:38Z">
    </test> <!-- Command line test -->
  </suite> <!-- com.second.maven.Vam.AppTest -->
</testng-results>
